<?xml version="1.0" encoding="UTF-8"?>
<testng-results skipped="0" failed="0" total="1" passed="1">
  <reporter-output>
  </reporter-output>
  <suite name="Default suite" duration-ms="8558" started-at="2021-01-06T23:41:06Z" finished-at="2021-01-06T23:41:14Z">
    <groups>
    </groups>
    <test name="Default test" duration-ms="8558" started-at="2021-01-06T23:41:06Z" finished-at="2021-01-06T23:41:14Z">
      <class name="GitHubUsers">
        <test-method status="PASS" signature="startTest()[pri:0, instance:GitHubUsers@7a79be86]" name="startTest" is-config="true" duration-ms="218" started-at="2021-01-07T10:41:06Z" finished-at="2021-01-07T10:41:06Z">
          <reporter-output>
          </reporter-output>
        </test-method> <!-- startTest -->
        <test-method status="PASS" signature="GetUserDetails()[pri:0, instance:GitHubUsers@7a79be86]" name="GetUserDetails" duration-ms="7977" started-at="2021-01-07T10:41:06Z" finished-at="2021-01-07T10:41:14Z">
          <reporter-output>
          </reporter-output>
        </test-method> <!-- GetUserDetails -->
        <test-method status="PASS" signature="endTest()[pri:0, instance:GitHubUsers@7a79be86]" name="endTest" is-config="true" duration-ms="354" started-at="2021-01-07T10:41:14Z" finished-at="2021-01-07T10:41:14Z">
          <reporter-output>
          </reporter-output>
        </test-method> <!-- endTest -->
      </class> <!-- GitHubUsers -->
    </test> <!-- Default test -->
  </suite> <!-- Default suite -->
</testng-results>
